2023-07-12 10:43:43.974 [INFO] [main] [pe.gob.migraciones.sgv.videollamadas.VideollamadasApplication:55] Starting VideollamadasApplication on OTICUDS38886 with PID 21008 (started by fgutierrezl in D:\ultimo workaspace\back-sgv)
2023-07-12 10:43:43.978 [INFO] [main] [pe.gob.migraciones.sgv.videollamadas.VideollamadasApplication:651] No active profile set, falling back to default profiles: default
2023-07-12 10:43:44.686 [INFO] [main] [org.apache.coyote.http11.Http11NioProtocol:173] Initializing ProtocolHandler ["http-nio-8080"]
2023-07-12 10:43:44.686 [INFO] [main] [org.apache.catalina.core.StandardService:173] Starting service [Tomcat]
2023-07-12 10:43:44.686 [INFO] [main] [org.apache.catalina.core.StandardEngine:173] Starting Servlet engine: [Apache Tomcat/9.0.27]
2023-07-12 10:43:44.734 [INFO] [main] [org.apache.catalina.core.ContainerBase.[Tomcat].[localhost].[/back-sgv]:173] Initializing Spring embedded WebApplicationContext
2023-07-12 10:43:45.054 [INFO] [main] [springfox.documentation.spring.web.PropertySourcedRequestMappingHandlerMapping:69] Mapped URL path [/v2/api-docs] onto method [springfox.documentation.swagger2.web.Swagger2Controller#getDocumentation(String, HttpServletRequest)]
2023-07-12 10:43:45.258 [INFO] [main] [springfox.documentation.spring.web.plugins.DocumentationPluginsBootstrapper:151] Context refreshed
2023-07-12 10:43:45.267 [INFO] [main] [springfox.documentation.spring.web.plugins.DocumentationPluginsBootstrapper:154] Found 1 custom documentation plugin(s)
2023-07-12 10:43:45.278 [INFO] [main] [springfox.documentation.spring.web.scanners.ApiListingReferenceScanner:41] Scanning for api listing references
2023-07-12 10:43:45.365 [INFO] [main] [org.apache.coyote.http11.Http11NioProtocol:173] Starting ProtocolHandler ["http-nio-8080"]
2023-07-12 10:43:45.376 [INFO] [main] [pe.gob.migraciones.sgv.videollamadas.VideollamadasApplication:61] Started VideollamadasApplication in 1.545 seconds (JVM running for 2.023)
2023-07-12 10:47:52.831 [INFO] [http-nio-8080-exec-3] [org.apache.catalina.core.ContainerBase.[Tomcat].[localhost].[/back-sgv]:173] Initializing Spring DispatcherServlet 'dispatcherServlet'
2023-07-12 10:47:53.117 [INFO] [http-nio-8080-exec-5] [com.zaxxer.hikari.HikariDataSource:110] HikariPool-1 - Starting...
2023-07-12 10:47:53.457 [INFO] [http-nio-8080-exec-5] [com.zaxxer.hikari.HikariDataSource:123] HikariPool-1 - Start completed.
2023-07-12 10:56:49.137 [INFO] [main] [pe.gob.migraciones.sgv.videollamadas.VideollamadasApplication:55] Starting VideollamadasApplication on OTICUDS38886 with PID 33620 (started by fgutierrezl in D:\ultimo workaspace\back-sgv)
2023-07-12 10:56:49.138 [INFO] [main] [pe.gob.migraciones.sgv.videollamadas.VideollamadasApplication:651] No active profile set, falling back to default profiles: default
2023-07-12 10:56:49.704 [INFO] [main] [org.apache.coyote.http11.Http11NioProtocol:173] Initializing ProtocolHandler ["http-nio-8080"]
2023-07-12 10:56:49.704 [INFO] [main] [org.apache.catalina.core.StandardService:173] Starting service [Tomcat]
2023-07-12 10:56:49.704 [INFO] [main] [org.apache.catalina.core.StandardEngine:173] Starting Servlet engine: [Apache Tomcat/9.0.27]
2023-07-12 10:56:49.746 [INFO] [main] [org.apache.catalina.core.ContainerBase.[Tomcat].[localhost].[/back-sgv]:173] Initializing Spring embedded WebApplicationContext
2023-07-12 10:56:50.033 [INFO] [main] [springfox.documentation.spring.web.PropertySourcedRequestMappingHandlerMapping:69] Mapped URL path [/v2/api-docs] onto method [springfox.documentation.swagger2.web.Swagger2Controller#getDocumentation(String, HttpServletRequest)]
2023-07-12 10:56:50.226 [INFO] [main] [springfox.documentation.spring.web.plugins.DocumentationPluginsBootstrapper:151] Context refreshed
2023-07-12 10:56:50.236 [INFO] [main] [springfox.documentation.spring.web.plugins.DocumentationPluginsBootstrapper:154] Found 1 custom documentation plugin(s)
2023-07-12 10:56:50.248 [INFO] [main] [springfox.documentation.spring.web.scanners.ApiListingReferenceScanner:41] Scanning for api listing references
2023-07-12 10:56:50.337 [INFO] [main] [org.apache.coyote.http11.Http11NioProtocol:173] Starting ProtocolHandler ["http-nio-8080"]
2023-07-12 10:56:50.350 [INFO] [main] [pe.gob.migraciones.sgv.videollamadas.VideollamadasApplication:61] Started VideollamadasApplication in 1.353 seconds (JVM running for 1.72)
2023-07-12 10:58:46.109 [INFO] [main] [pe.gob.migraciones.sgv.videollamadas.VideollamadasApplication:55] Starting VideollamadasApplication on OTICUDS38886 with PID 30976 (started by fgutierrezl in D:\ultimo workaspace\back-sgv)
2023-07-12 10:58:46.110 [INFO] [main] [pe.gob.migraciones.sgv.videollamadas.VideollamadasApplication:651] No active profile set, falling back to default profiles: default
2023-07-12 10:58:46.688 [INFO] [main] [org.apache.coyote.http11.Http11NioProtocol:173] Initializing ProtocolHandler ["http-nio-8080"]
2023-07-12 10:58:46.689 [INFO] [main] [org.apache.catalina.core.StandardService:173] Starting service [Tomcat]
2023-07-12 10:58:46.689 [INFO] [main] [org.apache.catalina.core.StandardEngine:173] Starting Servlet engine: [Apache Tomcat/9.0.27]
2023-07-12 10:58:46.729 [INFO] [main] [org.apache.catalina.core.ContainerBase.[Tomcat].[localhost].[/back-sgv]:173] Initializing Spring embedded WebApplicationContext
2023-07-12 10:58:47.017 [INFO] [main] [springfox.documentation.spring.web.PropertySourcedRequestMappingHandlerMapping:69] Mapped URL path [/v2/api-docs] onto method [springfox.documentation.swagger2.web.Swagger2Controller#getDocumentation(String, HttpServletRequest)]
2023-07-12 10:58:47.210 [INFO] [main] [springfox.documentation.spring.web.plugins.DocumentationPluginsBootstrapper:151] Context refreshed
2023-07-12 10:58:47.220 [INFO] [main] [springfox.documentation.spring.web.plugins.DocumentationPluginsBootstrapper:154] Found 1 custom documentation plugin(s)
2023-07-12 10:58:47.232 [INFO] [main] [springfox.documentation.spring.web.scanners.ApiListingReferenceScanner:41] Scanning for api listing references
2023-07-12 10:58:47.309 [INFO] [main] [org.apache.coyote.http11.Http11NioProtocol:173] Starting ProtocolHandler ["http-nio-8080"]
2023-07-12 10:58:47.320 [INFO] [main] [pe.gob.migraciones.sgv.videollamadas.VideollamadasApplication:61] Started VideollamadasApplication in 1.35 seconds (JVM running for 1.72)
2023-07-12 10:58:53.787 [INFO] [http-nio-8080-exec-1] [org.apache.catalina.core.ContainerBase.[Tomcat].[localhost].[/back-sgv]:173] Initializing Spring DispatcherServlet 'dispatcherServlet'
2023-07-12 10:59:16.942 [INFO] [http-nio-8080-exec-2] [com.zaxxer.hikari.HikariDataSource:110] HikariPool-1 - Starting...
2023-07-12 10:59:17.247 [INFO] [http-nio-8080-exec-2] [com.zaxxer.hikari.HikariDataSource:123] HikariPool-1 - Start completed.
2023-07-12 13:00:22.085 [INFO] [main] [pe.gob.migraciones.sgv.videollamadas.VideollamadasApplication:55] Starting VideollamadasApplication on OTICUDS38886 with PID 17988 (started by fgutierrezl in D:\ultimo workaspace\back-sgv)
2023-07-12 13:00:22.086 [INFO] [main] [pe.gob.migraciones.sgv.videollamadas.VideollamadasApplication:651] No active profile set, falling back to default profiles: default
2023-07-12 13:00:22.710 [INFO] [main] [org.apache.coyote.http11.Http11NioProtocol:173] Initializing ProtocolHandler ["http-nio-8080"]
2023-07-12 13:00:22.710 [INFO] [main] [org.apache.catalina.core.StandardService:173] Starting service [Tomcat]
2023-07-12 13:00:22.710 [INFO] [main] [org.apache.catalina.core.StandardEngine:173] Starting Servlet engine: [Apache Tomcat/9.0.27]
2023-07-12 13:00:22.758 [INFO] [main] [org.apache.catalina.core.ContainerBase.[Tomcat].[localhost].[/back-sgv]:173] Initializing Spring embedded WebApplicationContext
2023-07-12 13:00:23.051 [INFO] [main] [springfox.documentation.spring.web.PropertySourcedRequestMappingHandlerMapping:69] Mapped URL path [/v2/api-docs] onto method [springfox.documentation.swagger2.web.Swagger2Controller#getDocumentation(String, HttpServletRequest)]
2023-07-12 13:00:23.238 [INFO] [main] [springfox.documentation.spring.web.plugins.DocumentationPluginsBootstrapper:151] Context refreshed
2023-07-12 13:00:23.248 [INFO] [main] [springfox.documentation.spring.web.plugins.DocumentationPluginsBootstrapper:154] Found 1 custom documentation plugin(s)
2023-07-12 13:00:23.261 [INFO] [main] [springfox.documentation.spring.web.scanners.ApiListingReferenceScanner:41] Scanning for api listing references
2023-07-12 13:00:23.351 [INFO] [main] [org.apache.coyote.http11.Http11NioProtocol:173] Starting ProtocolHandler ["http-nio-8080"]
2023-07-12 13:00:23.370 [INFO] [main] [pe.gob.migraciones.sgv.videollamadas.VideollamadasApplication:61] Started VideollamadasApplication in 1.43 seconds (JVM running for 1.827)
2023-07-12 13:01:17.572 [INFO] [http-nio-8080-exec-1] [org.apache.catalina.core.ContainerBase.[Tomcat].[localhost].[/back-sgv]:173] Initializing Spring DispatcherServlet 'dispatcherServlet'
2023-07-12 13:01:17.800 [INFO] [http-nio-8080-exec-1] [com.zaxxer.hikari.HikariDataSource:110] HikariPool-1 - Starting...
2023-07-12 13:01:18.124 [INFO] [http-nio-8080-exec-1] [com.zaxxer.hikari.HikariDataSource:123] HikariPool-1 - Start completed.
2023-07-12 15:50:04.762 [INFO] [main] [pe.gob.migraciones.sgv.videollamadas.VideollamadasApplication:55] Starting VideollamadasApplication on OTICUDS38886 with PID 26828 (started by fgutierrezl in D:\ultimo workaspace\back-sgv)
2023-07-12 15:50:04.763 [INFO] [main] [pe.gob.migraciones.sgv.videollamadas.VideollamadasApplication:651] No active profile set, falling back to default profiles: default
2023-07-12 15:50:05.351 [INFO] [main] [org.apache.coyote.http11.Http11NioProtocol:173] Initializing ProtocolHandler ["http-nio-8080"]
2023-07-12 15:50:05.351 [INFO] [main] [org.apache.catalina.core.StandardService:173] Starting service [Tomcat]
2023-07-12 15:50:05.351 [INFO] [main] [org.apache.catalina.core.StandardEngine:173] Starting Servlet engine: [Apache Tomcat/9.0.27]
2023-07-12 15:50:05.395 [INFO] [main] [org.apache.catalina.core.ContainerBase.[Tomcat].[localhost].[/back-sgv]:173] Initializing Spring embedded WebApplicationContext
2023-07-12 15:50:05.684 [INFO] [main] [springfox.documentation.spring.web.PropertySourcedRequestMappingHandlerMapping:69] Mapped URL path [/v2/api-docs] onto method [springfox.documentation.swagger2.web.Swagger2Controller#getDocumentation(String, HttpServletRequest)]
2023-07-12 15:50:05.875 [INFO] [main] [springfox.documentation.spring.web.plugins.DocumentationPluginsBootstrapper:151] Context refreshed
2023-07-12 15:50:05.884 [INFO] [main] [springfox.documentation.spring.web.plugins.DocumentationPluginsBootstrapper:154] Found 1 custom documentation plugin(s)
2023-07-12 15:50:05.898 [INFO] [main] [springfox.documentation.spring.web.scanners.ApiListingReferenceScanner:41] Scanning for api listing references
2023-07-12 15:50:05.986 [INFO] [main] [org.apache.coyote.http11.Http11NioProtocol:173] Starting ProtocolHandler ["http-nio-8080"]
2023-07-12 15:50:06.000 [INFO] [main] [pe.gob.migraciones.sgv.videollamadas.VideollamadasApplication:61] Started VideollamadasApplication in 1.383 seconds (JVM running for 1.771)
2023-07-12 15:50:17.439 [INFO] [http-nio-8080-exec-2] [org.apache.catalina.core.ContainerBase.[Tomcat].[localhost].[/back-sgv]:173] Initializing Spring DispatcherServlet 'dispatcherServlet'
2023-07-12 15:50:17.672 [INFO] [http-nio-8080-exec-1] [com.zaxxer.hikari.HikariDataSource:110] HikariPool-1 - Starting...
2023-07-12 15:50:18.007 [INFO] [http-nio-8080-exec-1] [com.zaxxer.hikari.HikariDataSource:123] HikariPool-1 - Start completed.
2023-07-12 16:11:12.400 [INFO] [main] [pe.gob.migraciones.sgv.videollamadas.VideollamadasApplication:55] Starting VideollamadasApplication on OTICUDS38886 with PID 31912 (started by fgutierrezl in D:\ultimo workaspace\back-sgv)
2023-07-12 16:11:12.401 [INFO] [main] [pe.gob.migraciones.sgv.videollamadas.VideollamadasApplication:651] No active profile set, falling back to default profiles: default
2023-07-12 16:11:12.985 [INFO] [main] [org.apache.coyote.http11.Http11NioProtocol:173] Initializing ProtocolHandler ["http-nio-8080"]
2023-07-12 16:11:12.986 [INFO] [main] [org.apache.catalina.core.StandardService:173] Starting service [Tomcat]
2023-07-12 16:11:12.986 [INFO] [main] [org.apache.catalina.core.StandardEngine:173] Starting Servlet engine: [Apache Tomcat/9.0.27]
2023-07-12 16:11:13.027 [INFO] [main] [org.apache.catalina.core.ContainerBase.[Tomcat].[localhost].[/back-sgv]:173] Initializing Spring embedded WebApplicationContext
2023-07-12 16:11:13.325 [INFO] [main] [springfox.documentation.spring.web.PropertySourcedRequestMappingHandlerMapping:69] Mapped URL path [/v2/api-docs] onto method [springfox.documentation.swagger2.web.Swagger2Controller#getDocumentation(String, HttpServletRequest)]
2023-07-12 16:11:13.524 [INFO] [main] [springfox.documentation.spring.web.plugins.DocumentationPluginsBootstrapper:151] Context refreshed
2023-07-12 16:11:13.533 [INFO] [main] [springfox.documentation.spring.web.plugins.DocumentationPluginsBootstrapper:154] Found 1 custom documentation plugin(s)
2023-07-12 16:11:13.545 [INFO] [main] [springfox.documentation.spring.web.scanners.ApiListingReferenceScanner:41] Scanning for api listing references
2023-07-12 16:11:13.624 [INFO] [main] [org.apache.coyote.http11.Http11NioProtocol:173] Starting ProtocolHandler ["http-nio-8080"]
2023-07-12 16:11:13.635 [INFO] [main] [pe.gob.migraciones.sgv.videollamadas.VideollamadasApplication:61] Started VideollamadasApplication in 1.38 seconds (JVM running for 1.788)
2023-07-12 16:11:23.839 [INFO] [http-nio-8080-exec-1] [org.apache.catalina.core.ContainerBase.[Tomcat].[localhost].[/back-sgv]:173] Initializing Spring DispatcherServlet 'dispatcherServlet'
2023-07-12 16:11:24.064 [INFO] [http-nio-8080-exec-2] [com.zaxxer.hikari.HikariDataSource:110] HikariPool-1 - Starting...
2023-07-12 16:11:24.402 [INFO] [http-nio-8080-exec-2] [com.zaxxer.hikari.HikariDataSource:123] HikariPool-1 - Start completed.
2023-07-12 16:13:50.179 [INFO] [main] [pe.gob.migraciones.sgv.videollamadas.VideollamadasApplication:55] Starting VideollamadasApplication on OTICUDS38886 with PID 33024 (started by fgutierrezl in D:\ultimo workaspace\back-sgv)
2023-07-12 16:13:50.181 [INFO] [main] [pe.gob.migraciones.sgv.videollamadas.VideollamadasApplication:651] No active profile set, falling back to default profiles: default
2023-07-12 16:13:50.946 [INFO] [main] [org.apache.coyote.http11.Http11NioProtocol:173] Initializing ProtocolHandler ["http-nio-8080"]
2023-07-12 16:13:50.946 [INFO] [main] [org.apache.catalina.core.StandardService:173] Starting service [Tomcat]
2023-07-12 16:13:50.946 [INFO] [main] [org.apache.catalina.core.StandardEngine:173] Starting Servlet engine: [Apache Tomcat/9.0.27]
2023-07-12 16:13:51.032 [INFO] [main] [org.apache.catalina.core.ContainerBase.[Tomcat].[localhost].[/back-sgv]:173] Initializing Spring embedded WebApplicationContext
2023-07-12 16:13:51.350 [INFO] [main] [springfox.documentation.spring.web.PropertySourcedRequestMappingHandlerMapping:69] Mapped URL path [/v2/api-docs] onto method [springfox.documentation.swagger2.web.Swagger2Controller#getDocumentation(String, HttpServletRequest)]
2023-07-12 16:13:51.655 [INFO] [main] [springfox.documentation.spring.web.plugins.DocumentationPluginsBootstrapper:151] Context refreshed
2023-07-12 16:13:51.676 [INFO] [main] [springfox.documentation.spring.web.plugins.DocumentationPluginsBootstrapper:154] Found 1 custom documentation plugin(s)
2023-07-12 16:13:51.695 [INFO] [main] [springfox.documentation.spring.web.scanners.ApiListingReferenceScanner:41] Scanning for api listing references
2023-07-12 16:13:51.809 [INFO] [main] [org.apache.coyote.http11.Http11NioProtocol:173] Starting ProtocolHandler ["http-nio-8080"]
2023-07-12 16:13:51.822 [INFO] [main] [pe.gob.migraciones.sgv.videollamadas.VideollamadasApplication:61] Started VideollamadasApplication in 1.825 seconds (JVM running for 2.597)
2023-07-12 16:13:51.982 [INFO] [http-nio-8080-exec-1] [org.apache.catalina.core.ContainerBase.[Tomcat].[localhost].[/back-sgv]:173] Initializing Spring DispatcherServlet 'dispatcherServlet'
2023-07-12 16:13:52.140 [INFO] [http-nio-8080-exec-2] [com.zaxxer.hikari.HikariDataSource:110] HikariPool-1 - Starting...
2023-07-12 16:13:52.375 [INFO] [http-nio-8080-exec-2] [com.zaxxer.hikari.HikariDataSource:123] HikariPool-1 - Start completed.
2023-07-12 16:18:41.692 [INFO] [main] [pe.gob.migraciones.sgv.videollamadas.VideollamadasApplication:55] Starting VideollamadasApplication on OTICUDS38886 with PID 20884 (started by fgutierrezl in D:\ultimo workaspace\back-sgv)
2023-07-12 16:18:41.693 [INFO] [main] [pe.gob.migraciones.sgv.videollamadas.VideollamadasApplication:651] No active profile set, falling back to default profiles: default
2023-07-12 16:18:42.296 [INFO] [main] [org.apache.coyote.http11.Http11NioProtocol:173] Initializing ProtocolHandler ["http-nio-8080"]
2023-07-12 16:18:42.297 [INFO] [main] [org.apache.catalina.core.StandardService:173] Starting service [Tomcat]
2023-07-12 16:18:42.297 [INFO] [main] [org.apache.catalina.core.StandardEngine:173] Starting Servlet engine: [Apache Tomcat/9.0.27]
2023-07-12 16:18:42.343 [INFO] [main] [org.apache.catalina.core.ContainerBase.[Tomcat].[localhost].[/back-sgv]:173] Initializing Spring embedded WebApplicationContext
2023-07-12 16:18:42.633 [INFO] [main] [springfox.documentation.spring.web.PropertySourcedRequestMappingHandlerMapping:69] Mapped URL path [/v2/api-docs] onto method [springfox.documentation.swagger2.web.Swagger2Controller#getDocumentation(String, HttpServletRequest)]
2023-07-12 16:18:42.823 [INFO] [main] [springfox.documentation.spring.web.plugins.DocumentationPluginsBootstrapper:151] Context refreshed
2023-07-12 16:18:42.833 [INFO] [main] [springfox.documentation.spring.web.plugins.DocumentationPluginsBootstrapper:154] Found 1 custom documentation plugin(s)
2023-07-12 16:18:42.847 [INFO] [main] [springfox.documentation.spring.web.scanners.ApiListingReferenceScanner:41] Scanning for api listing references
2023-07-12 16:18:42.929 [INFO] [main] [org.apache.coyote.http11.Http11NioProtocol:173] Starting ProtocolHandler ["http-nio-8080"]
2023-07-12 16:18:42.939 [INFO] [main] [pe.gob.migraciones.sgv.videollamadas.VideollamadasApplication:61] Started VideollamadasApplication in 1.389 seconds (JVM running for 1.79)
2023-07-12 16:18:57.019 [INFO] [http-nio-8080-exec-2] [org.apache.catalina.core.ContainerBase.[Tomcat].[localhost].[/back-sgv]:173] Initializing Spring DispatcherServlet 'dispatcherServlet'
2023-07-12 16:18:57.247 [INFO] [http-nio-8080-exec-1] [com.zaxxer.hikari.HikariDataSource:110] HikariPool-1 - Starting...
2023-07-12 16:18:57.587 [INFO] [http-nio-8080-exec-1] [com.zaxxer.hikari.HikariDataSource:123] HikariPool-1 - Start completed.
2023-07-12 16:19:26.024 [INFO] [main] [pe.gob.migraciones.sgv.videollamadas.VideollamadasApplication:55] Starting VideollamadasApplication on OTICUDS38886 with PID 1032 (started by fgutierrezl in D:\ultimo workaspace\back-sgv)
2023-07-12 16:19:26.026 [INFO] [main] [pe.gob.migraciones.sgv.videollamadas.VideollamadasApplication:651] No active profile set, falling back to default profiles: default
2023-07-12 16:19:26.830 [INFO] [main] [org.apache.coyote.http11.Http11NioProtocol:173] Initializing ProtocolHandler ["http-nio-8080"]
2023-07-12 16:19:26.831 [INFO] [main] [org.apache.catalina.core.StandardService:173] Starting service [Tomcat]
2023-07-12 16:19:26.831 [INFO] [main] [org.apache.catalina.core.StandardEngine:173] Starting Servlet engine: [Apache Tomcat/9.0.27]
2023-07-12 16:19:26.907 [INFO] [main] [org.apache.catalina.core.ContainerBase.[Tomcat].[localhost].[/back-sgv]:173] Initializing Spring embedded WebApplicationContext
2023-07-12 16:19:27.206 [INFO] [main] [springfox.documentation.spring.web.PropertySourcedRequestMappingHandlerMapping:69] Mapped URL path [/v2/api-docs] onto method [springfox.documentation.swagger2.web.Swagger2Controller#getDocumentation(String, HttpServletRequest)]
2023-07-12 16:19:27.454 [INFO] [main] [springfox.documentation.spring.web.plugins.DocumentationPluginsBootstrapper:151] Context refreshed
2023-07-12 16:19:27.467 [INFO] [main] [springfox.documentation.spring.web.plugins.DocumentationPluginsBootstrapper:154] Found 1 custom documentation plugin(s)
2023-07-12 16:19:27.483 [INFO] [main] [springfox.documentation.spring.web.scanners.ApiListingReferenceScanner:41] Scanning for api listing references
2023-07-12 16:19:27.585 [INFO] [main] [org.apache.coyote.http11.Http11NioProtocol:173] Starting ProtocolHandler ["http-nio-8080"]
2023-07-12 16:19:27.600 [INFO] [main] [pe.gob.migraciones.sgv.videollamadas.VideollamadasApplication:61] Started VideollamadasApplication in 1.754 seconds (JVM running for 2.375)
2023-07-12 16:19:44.102 [INFO] [http-nio-8080-exec-1] [org.apache.catalina.core.ContainerBase.[Tomcat].[localhost].[/back-sgv]:173] Initializing Spring DispatcherServlet 'dispatcherServlet'
2023-07-12 16:19:44.255 [INFO] [http-nio-8080-exec-1] [com.zaxxer.hikari.HikariDataSource:110] HikariPool-1 - Starting...
2023-07-12 16:19:44.476 [INFO] [http-nio-8080-exec-1] [com.zaxxer.hikari.HikariDataSource:123] HikariPool-1 - Start completed.
2023-07-12 16:23:17.660 [INFO] [main] [pe.gob.migraciones.sgv.videollamadas.VideollamadasApplication:55] Starting VideollamadasApplication on OTICUDS38886 with PID 15564 (started by fgutierrezl in D:\ultimo workaspace\back-sgv)
2023-07-12 16:23:17.662 [INFO] [main] [pe.gob.migraciones.sgv.videollamadas.VideollamadasApplication:651] No active profile set, falling back to default profiles: default
2023-07-12 16:23:18.270 [INFO] [main] [org.apache.coyote.http11.Http11NioProtocol:173] Initializing ProtocolHandler ["http-nio-8080"]
2023-07-12 16:23:18.270 [INFO] [main] [org.apache.catalina.core.StandardService:173] Starting service [Tomcat]
2023-07-12 16:23:18.270 [INFO] [main] [org.apache.catalina.core.StandardEngine:173] Starting Servlet engine: [Apache Tomcat/9.0.27]
2023-07-12 16:23:18.317 [INFO] [main] [org.apache.catalina.core.ContainerBase.[Tomcat].[localhost].[/back-sgv]:173] Initializing Spring embedded WebApplicationContext
2023-07-12 16:23:18.610 [INFO] [main] [springfox.documentation.spring.web.PropertySourcedRequestMappingHandlerMapping:69] Mapped URL path [/v2/api-docs] onto method [springfox.documentation.swagger2.web.Swagger2Controller#getDocumentation(String, HttpServletRequest)]
2023-07-12 16:23:18.793 [INFO] [main] [springfox.documentation.spring.web.plugins.DocumentationPluginsBootstrapper:151] Context refreshed
2023-07-12 16:23:18.802 [INFO] [main] [springfox.documentation.spring.web.plugins.DocumentationPluginsBootstrapper:154] Found 1 custom documentation plugin(s)
2023-07-12 16:23:18.815 [INFO] [main] [springfox.documentation.spring.web.scanners.ApiListingReferenceScanner:41] Scanning for api listing references
2023-07-12 16:23:18.899 [INFO] [main] [org.apache.coyote.http11.Http11NioProtocol:173] Starting ProtocolHandler ["http-nio-8080"]
2023-07-12 16:23:18.910 [INFO] [main] [pe.gob.migraciones.sgv.videollamadas.VideollamadasApplication:61] Started VideollamadasApplication in 1.405 seconds (JVM running for 1.772)
2023-07-12 16:23:23.616 [INFO] [http-nio-8080-exec-1] [org.apache.catalina.core.ContainerBase.[Tomcat].[localhost].[/back-sgv]:173] Initializing Spring DispatcherServlet 'dispatcherServlet'
2023-07-12 16:23:23.755 [INFO] [http-nio-8080-exec-3] [com.zaxxer.hikari.HikariDataSource:110] HikariPool-1 - Starting...
2023-07-12 16:23:23.971 [INFO] [http-nio-8080-exec-3] [com.zaxxer.hikari.HikariDataSource:123] HikariPool-1 - Start completed.
2023-07-12 16:24:15.429 [INFO] [main] [pe.gob.migraciones.sgv.videollamadas.VideollamadasApplication:55] Starting VideollamadasApplication on OTICUDS38886 with PID 1820 (started by fgutierrezl in D:\ultimo workaspace\back-sgv)
2023-07-12 16:24:15.431 [INFO] [main] [pe.gob.migraciones.sgv.videollamadas.VideollamadasApplication:651] No active profile set, falling back to default profiles: default
2023-07-12 16:24:16.405 [INFO] [main] [org.apache.coyote.http11.Http11NioProtocol:173] Initializing ProtocolHandler ["http-nio-8080"]
2023-07-12 16:24:16.405 [INFO] [main] [org.apache.catalina.core.StandardService:173] Starting service [Tomcat]
2023-07-12 16:24:16.405 [INFO] [main] [org.apache.catalina.core.StandardEngine:173] Starting Servlet engine: [Apache Tomcat/9.0.27]
2023-07-12 16:24:16.484 [INFO] [main] [org.apache.catalina.core.ContainerBase.[Tomcat].[localhost].[/back-sgv]:173] Initializing Spring embedded WebApplicationContext
2023-07-12 16:24:16.795 [INFO] [main] [springfox.documentation.spring.web.PropertySourcedRequestMappingHandlerMapping:69] Mapped URL path [/v2/api-docs] onto method [springfox.documentation.swagger2.web.Swagger2Controller#getDocumentation(String, HttpServletRequest)]
2023-07-12 16:24:17.046 [INFO] [main] [springfox.documentation.spring.web.plugins.DocumentationPluginsBootstrapper:151] Context refreshed
2023-07-12 16:24:17.060 [INFO] [main] [springfox.documentation.spring.web.plugins.DocumentationPluginsBootstrapper:154] Found 1 custom documentation plugin(s)
2023-07-12 16:24:17.076 [INFO] [main] [springfox.documentation.spring.web.scanners.ApiListingReferenceScanner:41] Scanning for api listing references
2023-07-12 16:24:17.176 [INFO] [main] [org.apache.coyote.http11.Http11NioProtocol:173] Starting ProtocolHandler ["http-nio-8080"]
2023-07-12 16:24:17.190 [INFO] [main] [pe.gob.migraciones.sgv.videollamadas.VideollamadasApplication:61] Started VideollamadasApplication in 1.941 seconds (JVM running for 2.57)
2023-07-12 16:24:17.262 [INFO] [http-nio-8080-exec-1] [org.apache.catalina.core.ContainerBase.[Tomcat].[localhost].[/back-sgv]:173] Initializing Spring DispatcherServlet 'dispatcherServlet'
2023-07-12 16:24:17.419 [INFO] [http-nio-8080-exec-2] [com.zaxxer.hikari.HikariDataSource:110] HikariPool-1 - Starting...
2023-07-12 16:24:17.636 [INFO] [http-nio-8080-exec-2] [com.zaxxer.hikari.HikariDataSource:123] HikariPool-1 - Start completed.
2023-07-12 16:28:10.455 [INFO] [main] [pe.gob.migraciones.sgv.videollamadas.VideollamadasApplication:55] Starting VideollamadasApplication on OTICUDS38886 with PID 32408 (started by fgutierrezl in D:\ultimo workaspace\back-sgv)
2023-07-12 16:28:10.456 [INFO] [main] [pe.gob.migraciones.sgv.videollamadas.VideollamadasApplication:651] No active profile set, falling back to default profiles: default
2023-07-12 16:28:11.042 [INFO] [main] [org.apache.coyote.http11.Http11NioProtocol:173] Initializing ProtocolHandler ["http-nio-8080"]
2023-07-12 16:28:11.042 [INFO] [main] [org.apache.catalina.core.StandardService:173] Starting service [Tomcat]
2023-07-12 16:28:11.043 [INFO] [main] [org.apache.catalina.core.StandardEngine:173] Starting Servlet engine: [Apache Tomcat/9.0.27]
2023-07-12 16:28:11.085 [INFO] [main] [org.apache.catalina.core.ContainerBase.[Tomcat].[localhost].[/back-sgv]:173] Initializing Spring embedded WebApplicationContext
2023-07-12 16:28:11.370 [INFO] [main] [springfox.documentation.spring.web.PropertySourcedRequestMappingHandlerMapping:69] Mapped URL path [/v2/api-docs] onto method [springfox.documentation.swagger2.web.Swagger2Controller#getDocumentation(String, HttpServletRequest)]
2023-07-12 16:28:11.559 [INFO] [main] [springfox.documentation.spring.web.plugins.DocumentationPluginsBootstrapper:151] Context refreshed
2023-07-12 16:28:11.568 [INFO] [main] [springfox.documentation.spring.web.plugins.DocumentationPluginsBootstrapper:154] Found 1 custom documentation plugin(s)
2023-07-12 16:28:11.580 [INFO] [main] [springfox.documentation.spring.web.scanners.ApiListingReferenceScanner:41] Scanning for api listing references
2023-07-12 16:28:11.663 [INFO] [main] [org.apache.coyote.http11.Http11NioProtocol:173] Starting ProtocolHandler ["http-nio-8080"]
2023-07-12 16:28:11.673 [INFO] [main] [pe.gob.migraciones.sgv.videollamadas.VideollamadasApplication:61] Started VideollamadasApplication in 1.364 seconds (JVM running for 1.734)
2023-07-12 16:28:18.114 [INFO] [http-nio-8080-exec-2] [org.apache.catalina.core.ContainerBase.[Tomcat].[localhost].[/back-sgv]:173] Initializing Spring DispatcherServlet 'dispatcherServlet'
2023-07-12 16:28:18.245 [INFO] [http-nio-8080-exec-2] [com.zaxxer.hikari.HikariDataSource:110] HikariPool-1 - Starting...
2023-07-12 16:28:18.451 [INFO] [http-nio-8080-exec-2] [com.zaxxer.hikari.HikariDataSource:123] HikariPool-1 - Start completed.
